<?xml version="1.0" encoding="UTF-8"?>
<testsuite name="it.unisa.casper.refactor.SplitClassTest" tests="4" skipped="0" failures="0" errors="0" timestamp="2022-05-13T16:15:39" hostname="DESKTOP-PDP6NLS" time="0.024">
  <properties/>
  <testcase name="splitFalse" classname="it.unisa.casper.refactor.SplitClassTest" time="0.007"/>
  <testcase name="splitTrue" classname="it.unisa.casper.refactor.SplitClassTest" time="0.007"/>
  <testcase name="splitFalse" classname="it.unisa.casper.refactor.SplitClassTest" time="0.001"/>
  <testcase name="splitTrue" classname="it.unisa.casper.refactor.SplitClassTest" time="0.007"/>
  <system-out><![CDATA[]]></system-out>
  <system-err><![CDATA[mag 13, 2022 6:15:39 PM it.unisa.casper.refactor.SplitClassTest splitFalse
INFORMAZIONI: 
true
mag 13, 2022 6:15:39 PM it.unisa.casper.refactor.SplitClassTest splitFalse
INFORMAZIONI: 
Error occurred:false
mag 13, 2022 6:15:39 PM it.unisa.casper.refactor.SplitClassTest splitTrue
INFORMAZIONI: 
true
mag 13, 2022 6:15:39 PM it.unisa.casper.refactor.SplitClassTest splitTrue
INFORMAZIONI: 
Error occurred:false
mag 13, 2022 6:15:39 PM it.unisa.casper.refactor.SplitClassTest splitFalse
INFORMAZIONI: 
true
mag 13, 2022 6:15:39 PM it.unisa.casper.refactor.SplitClassTest splitFalse
INFORMAZIONI: 
Error occurred:false
mag 13, 2022 6:15:39 PM it.unisa.casper.refactor.SplitClassTest splitTrue
INFORMAZIONI: 
true
mag 13, 2022 6:15:39 PM it.unisa.casper.refactor.SplitClassTest splitTrue
INFORMAZIONI: 
Error occurred:false
]]></system-err>
</testsuite>
