<?xml version="1.0" encoding="UTF-8"?>
<testsuite name="it.unisa.casper.analysis.code_smell_detection.promiscuous_package.TextualPromiscuousPackageStrategyTest" tests="8" skipped="0" failures="0" errors="0" timestamp="2022-05-13T16:15:38" hostname="DESKTOP-PDP6NLS" time="0.263">
  <properties/>
  <testcase name="isSmellyMinThreshold" classname="it.unisa.casper.analysis.code_smell_detection.promiscuous_package.TextualPromiscuousPackageStrategyTest" time="0.018"/>
  <testcase name="isSmellyFalse" classname="it.unisa.casper.analysis.code_smell_detection.promiscuous_package.TextualPromiscuousPackageStrategyTest" time="0.001"/>
  <testcase name="isSmellyNearThreshold" classname="it.unisa.casper.analysis.code_smell_detection.promiscuous_package.TextualPromiscuousPackageStrategyTest" time="0.027"/>
  <testcase name="isSmellyTrue" classname="it.unisa.casper.analysis.code_smell_detection.promiscuous_package.TextualPromiscuousPackageStrategyTest" time="0.024"/>
  <testcase name="isSmellyMinThreshold" classname="it.unisa.casper.analysis.code_smell_detection.promiscuous_package.TextualPromiscuousPackageStrategyTest" time="0.017"/>
  <testcase name="isSmellyFalse" classname="it.unisa.casper.analysis.code_smell_detection.promiscuous_package.TextualPromiscuousPackageStrategyTest" time="0.001"/>
  <testcase name="isSmellyNearThreshold" classname="it.unisa.casper.analysis.code_smell_detection.promiscuous_package.TextualPromiscuousPackageStrategyTest" time="0.021"/>
  <testcase name="isSmellyTrue" classname="it.unisa.casper.analysis.code_smell_detection.promiscuous_package.TextualPromiscuousPackageStrategyTest" time="0.021"/>
  <system-out><![CDATA[]]></system-out>
  <system-err><![CDATA[mag 13, 2022 6:15:39 PM it.unisa.casper.analysis.code_smell_detection.promiscuous_package.TextualPromiscuousPackageStrategyTest isSmellyMinThreshold
INFORMAZIONI: 
false
mag 13, 2022 6:15:39 PM it.unisa.casper.analysis.code_smell_detection.promiscuous_package.TextualPromiscuousPackageStrategyTest isSmellyFalse
INFORMAZIONI: 
false
mag 13, 2022 6:15:39 PM it.unisa.casper.analysis.code_smell_detection.promiscuous_package.TextualPromiscuousPackageStrategyTest isSmellyNearThreshold
INFORMAZIONI: 
true
mag 13, 2022 6:15:39 PM it.unisa.casper.analysis.code_smell_detection.promiscuous_package.TextualPromiscuousPackageStrategyTest isSmellyTrue
INFORMAZIONI: 
true
mag 13, 2022 6:15:39 PM it.unisa.casper.analysis.code_smell_detection.promiscuous_package.TextualPromiscuousPackageStrategyTest isSmellyMinThreshold
INFORMAZIONI: 
false
mag 13, 2022 6:15:39 PM it.unisa.casper.analysis.code_smell_detection.promiscuous_package.TextualPromiscuousPackageStrategyTest isSmellyFalse
INFORMAZIONI: 
false
mag 13, 2022 6:15:39 PM it.unisa.casper.analysis.code_smell_detection.promiscuous_package.TextualPromiscuousPackageStrategyTest isSmellyNearThreshold
INFORMAZIONI: 
true
mag 13, 2022 6:15:39 PM it.unisa.casper.analysis.code_smell_detection.promiscuous_package.TextualPromiscuousPackageStrategyTest isSmellyTrue
INFORMAZIONI: 
true
]]></system-err>
</testsuite>
