<?xml version="1.0" encoding="UTF-8"?>
<testsuite name="it.unisa.casper.refactor.SplitPackagesTest" tests="4" skipped="0" failures="0" errors="0" timestamp="2022-05-13T16:15:39" hostname="DESKTOP-PDP6NLS" time="0.121">
  <properties/>
  <testcase name="splitFalse" classname="it.unisa.casper.refactor.SplitPackagesTest" time="0.008"/>
  <testcase name="splitTrue" classname="it.unisa.casper.refactor.SplitPackagesTest" time="0.047"/>
  <testcase name="splitFalse" classname="it.unisa.casper.refactor.SplitPackagesTest" time="0.001"/>
  <testcase name="splitTrue" classname="it.unisa.casper.refactor.SplitPackagesTest" time="0.041"/>
  <system-out><![CDATA[]]></system-out>
  <system-err><![CDATA[mag 13, 2022 6:15:39 PM it.unisa.casper.refactor.SplitPackagesTest splitFalse
INFORMAZIONI: 
true
mag 13, 2022 6:15:39 PM it.unisa.casper.refactor.SplitPackagesTest splitFalse
INFORMAZIONI: 
Error occurred:false
mag 13, 2022 6:15:39 PM it.unisa.casper.refactor.SplitPackagesTest splitTrue
INFORMAZIONI: 
true
mag 13, 2022 6:15:39 PM it.unisa.casper.refactor.SplitPackagesTest splitTrue
INFORMAZIONI: 
Error occurred:false
mag 13, 2022 6:15:39 PM it.unisa.casper.refactor.SplitPackagesTest splitFalse
INFORMAZIONI: 
true
mag 13, 2022 6:15:39 PM it.unisa.casper.refactor.SplitPackagesTest splitFalse
INFORMAZIONI: 
Error occurred:false
mag 13, 2022 6:15:39 PM it.unisa.casper.refactor.SplitPackagesTest splitTrue
INFORMAZIONI: 
true
mag 13, 2022 6:15:39 PM it.unisa.casper.refactor.SplitPackagesTest splitTrue
INFORMAZIONI: 
Error occurred:false
]]></system-err>
</testsuite>
