<?xml version="1.0" encoding="UTF-8"?>
<testsuite name="it.unisa.casper.analysis.code_smell_detection.BeanDetectionTest" tests="2" skipped="0" failures="0" errors="0" timestamp="2022-05-13T16:15:38" hostname="DESKTOP-PDP6NLS" time="0.617">
  <properties/>
  <testcase name="isBean" classname="it.unisa.casper.analysis.code_smell_detection.BeanDetectionTest" time="0.015"/>
  <testcase name="isBean" classname="it.unisa.casper.analysis.code_smell_detection.BeanDetectionTest" time="0.001"/>
  <system-out><![CDATA[]]></system-out>
  <system-err><![CDATA[mag 13, 2022 6:15:38 PM it.unisa.casper.analysis.code_smell_detection.BeanDetectionTest isBean
INFORMAZIONI: 
true
mag 13, 2022 6:15:39 PM it.unisa.casper.analysis.code_smell_detection.BeanDetectionTest isBean
INFORMAZIONI: 
true
]]></system-err>
</testsuite>
