<?xml version="1.0" encoding="UTF-8"?>
<testsuite name="it.unisa.casper.analysis.code_smell_detection.feature_envy.TextualFeatureEnvyStrategyTest" tests="8" skipped="0" failures="0" errors="0" timestamp="2022-05-13T16:15:38" hostname="DESKTOP-PDP6NLS" time="0.207">
  <properties/>
  <testcase name="isSmellyMinThreshold" classname="it.unisa.casper.analysis.code_smell_detection.feature_envy.TextualFeatureEnvyStrategyTest" time="0.021"/>
  <testcase name="isSmellyFalse" classname="it.unisa.casper.analysis.code_smell_detection.feature_envy.TextualFeatureEnvyStrategyTest" time="0.001"/>
  <testcase name="isSmellyNearThreshold" classname="it.unisa.casper.analysis.code_smell_detection.feature_envy.TextualFeatureEnvyStrategyTest" time="0.009"/>
  <testcase name="isSmellyTrue" classname="it.unisa.casper.analysis.code_smell_detection.feature_envy.TextualFeatureEnvyStrategyTest" time="0.01"/>
  <testcase name="isSmellyMinThreshold" classname="it.unisa.casper.analysis.code_smell_detection.feature_envy.TextualFeatureEnvyStrategyTest" time="0.008"/>
  <testcase name="isSmellyFalse" classname="it.unisa.casper.analysis.code_smell_detection.feature_envy.TextualFeatureEnvyStrategyTest" time="0.005"/>
  <testcase name="isSmellyNearThreshold" classname="it.unisa.casper.analysis.code_smell_detection.feature_envy.TextualFeatureEnvyStrategyTest" time="0.007"/>
  <testcase name="isSmellyTrue" classname="it.unisa.casper.analysis.code_smell_detection.feature_envy.TextualFeatureEnvyStrategyTest" time="0.006"/>
  <system-out><![CDATA[]]></system-out>
  <system-err><![CDATA[mag 13, 2022 6:15:38 PM it.unisa.casper.analysis.code_smell_detection.feature_envy.TextualFeatureEnvyStrategyTest isSmellyMinThreshold
INFORMAZIONI: 
false
mag 13, 2022 6:15:38 PM it.unisa.casper.analysis.code_smell_detection.feature_envy.TextualFeatureEnvyStrategyTest isSmellyFalse
INFORMAZIONI: 
false
mag 13, 2022 6:15:38 PM it.unisa.casper.analysis.code_smell_detection.feature_envy.TextualFeatureEnvyStrategyTest isSmellyNearThreshold
INFORMAZIONI: 
true
mag 13, 2022 6:15:38 PM it.unisa.casper.analysis.code_smell_detection.feature_envy.TextualFeatureEnvyStrategyTest isSmellyTrue
INFORMAZIONI: 
true
mag 13, 2022 6:15:39 PM it.unisa.casper.analysis.code_smell_detection.feature_envy.TextualFeatureEnvyStrategyTest isSmellyMinThreshold
INFORMAZIONI: 
false
mag 13, 2022 6:15:39 PM it.unisa.casper.analysis.code_smell_detection.feature_envy.TextualFeatureEnvyStrategyTest isSmellyFalse
INFORMAZIONI: 
false
mag 13, 2022 6:15:39 PM it.unisa.casper.analysis.code_smell_detection.feature_envy.TextualFeatureEnvyStrategyTest isSmellyNearThreshold
INFORMAZIONI: 
true
mag 13, 2022 6:15:39 PM it.unisa.casper.analysis.code_smell_detection.feature_envy.TextualFeatureEnvyStrategyTest isSmellyTrue
INFORMAZIONI: 
true
]]></system-err>
</testsuite>
